<?xml version="1.0" encoding="UTF-8" standalone="no"?><testsuite failures="0" hostname="localhost" ignores="0" name="test.integration" tests="101" time="827" timestamp="Fri Jul 17 23:25:58 PDT 2015"><properties/><testcase classname="com.halemaster.enchanting.testing.tests.spell.SpellTest" name="testCanApplyTogether"/><testcase classname="com.halemaster.enchanting.testing.tests.spell.SpellTest" name="testCanApply"/><testcase classname="com.halemaster.enchanting.testing.tests.spell.SpellTest" name="testInBookList"/><testcase classname="com.halemaster.enchanting.testing.tests.spell.SpellTest" name="testGetRarity"/><testcase classname="com.halemaster.enchanting.testing.tests.spell.SpellTest" name="testDescription"/><testcase classname="com.halemaster.enchanting.testing.tests.basic.spell.SpellDecayTest" name="testOnUpdate"/><testcase classname="com.halemaster.enchanting.testing.tests.basic.spell.SpellDecayTest" name="testGetColor"/><testcase classname="com.halemaster.enchanting.testing.tests.basic.spell.SpellDecayTest" name="testFire"/><testcase classname="com.halemaster.enchanting.testing.tests.basic.spell.SpellDecayTest" name="testGetMaxEnchantability"/><testcase classname="com.halemaster.enchanting.testing.tests.basic.spell.SpellDecayTest" name="testGetRawDescription"/><testcase classname="com.halemaster.enchanting.testing.tests.basic.spell.SpellDecayTest" name="testMaxLevel"/><testcase classname="com.halemaster.enchanting.testing.tests.basic.spell.SpellDecayTest" name="testGetMinEnchantability"/><testcase classname="com.halemaster.enchanting.testing.tests.basic.spell.SpellDecayTest" name="testGetCastTime"/><testcase classname="com.halemaster.enchanting.testing.tests.basic.spell.SpellDecayTest" name="testOnImpact"/><testcase classname="com.halemaster.enchanting.testing.tests.basic.spell.SpellFireBallTest" name="testOnUpdate"/><testcase classname="com.halemaster.enchanting.testing.tests.basic.spell.SpellFireBallTest" name="testGetColor"/><testcase classname="com.halemaster.enchanting.testing.tests.basic.spell.SpellFireBallTest" name="testFire"/><testcase classname="com.halemaster.enchanting.testing.tests.basic.spell.SpellFireBallTest" name="testGetMaxEnchantability"/><testcase classname="com.halemaster.enchanting.testing.tests.basic.spell.SpellFireBallTest" name="testGetRawDescription"/><testcase classname="com.halemaster.enchanting.testing.tests.basic.spell.SpellFireBallTest" name="testMaxLevel"/><testcase classname="com.halemaster.enchanting.testing.tests.basic.spell.SpellFireBallTest" name="testGetMinEnchantability"/><testcase classname="com.halemaster.enchanting.testing.tests.basic.spell.SpellFireBallTest" name="testGetCastTime"/><testcase classname="com.halemaster.enchanting.testing.tests.basic.spell.SpellFireBallTest" name="testOnImpact"/><testcase classname="com.halemaster.enchanting.testing.tests.basic.spell.SpellHasteTest" name="testGetColor"/><testcase classname="com.halemaster.enchanting.testing.tests.basic.spell.SpellHasteTest" name="testGetModId"/><testcase classname="com.halemaster.enchanting.testing.tests.basic.spell.SpellHasteTest" name="testGetRenderName"/><testcase classname="com.halemaster.enchanting.testing.tests.basic.spell.SpellHasteTest" name="testOnUse"/><testcase classname="com.halemaster.enchanting.testing.tests.basic.spell.SpellHasteTest" name="testAuraHit"/><testcase classname="com.halemaster.enchanting.testing.tests.basic.spell.SpellHasteTest" name="testGetMaxEnchantability"/><testcase classname="com.halemaster.enchanting.testing.tests.basic.spell.SpellHasteTest" name="testGetRawDescription"/><testcase classname="com.halemaster.enchanting.testing.tests.basic.spell.SpellHasteTest" name="testMaxLevel"/><testcase classname="com.halemaster.enchanting.testing.tests.basic.spell.SpellHasteTest" name="testGetRadius"/><testcase classname="com.halemaster.enchanting.testing.tests.basic.spell.SpellHasteTest" name="testGetMinEnchantability"/><testcase classname="com.halemaster.enchanting.testing.tests.basic.spell.SpellHasteTest" name="testGetCastTime"/><testcase classname="com.halemaster.enchanting.testing.tests.basic.spell.SpellHealingTest" name="testGetColor"/><testcase classname="com.halemaster.enchanting.testing.tests.basic.spell.SpellHealingTest" name="testGetModId"/><testcase classname="com.halemaster.enchanting.testing.tests.basic.spell.SpellHealingTest" name="testGetRenderName"/><testcase classname="com.halemaster.enchanting.testing.tests.basic.spell.SpellHealingTest" name="testOnUse"/><testcase classname="com.halemaster.enchanting.testing.tests.basic.spell.SpellHealingTest" name="testAuraHit"/><testcase classname="com.halemaster.enchanting.testing.tests.basic.spell.SpellHealingTest" name="testGetMaxEnchantability"/><testcase classname="com.halemaster.enchanting.testing.tests.basic.spell.SpellHealingTest" name="testGetRawDescription"/><testcase classname="com.halemaster.enchanting.testing.tests.basic.spell.SpellHealingTest" name="testMaxLevel"/><testcase classname="com.halemaster.enchanting.testing.tests.basic.spell.SpellHealingTest" name="testGetRadius"/><testcase classname="com.halemaster.enchanting.testing.tests.basic.spell.SpellHealingTest" name="testGetMinEnchantability"/><testcase classname="com.halemaster.enchanting.testing.tests.basic.spell.SpellHealingTest" name="testGetCastTime"/><testcase classname="com.halemaster.enchanting.testing.tests.basic.spell.SpellHolyLightTest" name="testOnUpdate"/><testcase classname="com.halemaster.enchanting.testing.tests.basic.spell.SpellHolyLightTest" name="testGetColor"/><testcase classname="com.halemaster.enchanting.testing.tests.basic.spell.SpellHolyLightTest" name="testFire"/><testcase classname="com.halemaster.enchanting.testing.tests.basic.spell.SpellHolyLightTest" name="testGetMaxEnchantability"/><testcase classname="com.halemaster.enchanting.testing.tests.basic.spell.SpellHolyLightTest" name="testGetRawDescription"/><testcase classname="com.halemaster.enchanting.testing.tests.basic.spell.SpellHolyLightTest" name="testMaxLevel"/><testcase classname="com.halemaster.enchanting.testing.tests.basic.spell.SpellHolyLightTest" name="testGetMinEnchantability"/><testcase classname="com.halemaster.enchanting.testing.tests.basic.spell.SpellHolyLightTest" name="testGetCastTime"/><testcase classname="com.halemaster.enchanting.testing.tests.basic.spell.SpellHolyLightTest" name="testOnImpact"/><testcase classname="com.halemaster.enchanting.testing.tests.basic.spell.SpellIceBoltTest" name="testOnUpdate"/><testcase classname="com.halemaster.enchanting.testing.tests.basic.spell.SpellIceBoltTest" name="testGetColor"/><testcase classname="com.halemaster.enchanting.testing.tests.basic.spell.SpellIceBoltTest" name="testFire"/><testcase classname="com.halemaster.enchanting.testing.tests.basic.spell.SpellIceBoltTest" name="testGetMaxEnchantability"/><testcase classname="com.halemaster.enchanting.testing.tests.basic.spell.SpellIceBoltTest" name="testGetRawDescription"/><testcase classname="com.halemaster.enchanting.testing.tests.basic.spell.SpellIceBoltTest" name="testMaxLevel"/><testcase classname="com.halemaster.enchanting.testing.tests.basic.spell.SpellIceBoltTest" name="testGetMinEnchantability"/><testcase classname="com.halemaster.enchanting.testing.tests.basic.spell.SpellIceBoltTest" name="testGetCastTime"/><testcase classname="com.halemaster.enchanting.testing.tests.basic.spell.SpellIceBoltTest" name="testOnImpact"/><testcase classname="com.halemaster.enchanting.testing.tests.basic.spell.SpellMageShieldTest" name="testGetColor"/><testcase classname="com.halemaster.enchanting.testing.tests.basic.spell.SpellMageShieldTest" name="testGetModId"/><testcase classname="com.halemaster.enchanting.testing.tests.basic.spell.SpellMageShieldTest" name="testGetRenderName"/><testcase classname="com.halemaster.enchanting.testing.tests.basic.spell.SpellMageShieldTest" name="testOnUse"/><testcase classname="com.halemaster.enchanting.testing.tests.basic.spell.SpellMageShieldTest" name="testAuraHit"/><testcase classname="com.halemaster.enchanting.testing.tests.basic.spell.SpellMageShieldTest" name="testGetMaxEnchantability"/><testcase classname="com.halemaster.enchanting.testing.tests.basic.spell.SpellMageShieldTest" name="testGetRawDescription"/><testcase classname="com.halemaster.enchanting.testing.tests.basic.spell.SpellMageShieldTest" name="testMaxLevel"/><testcase classname="com.halemaster.enchanting.testing.tests.basic.spell.SpellMageShieldTest" name="testGetRadius"/><testcase classname="com.halemaster.enchanting.testing.tests.basic.spell.SpellMageShieldTest" name="testGetMinEnchantability"/><testcase classname="com.halemaster.enchanting.testing.tests.basic.spell.SpellMageShieldTest" name="testGetCastTime"/><testcase classname="com.halemaster.enchanting.testing.tests.basic.spell.SpellNecroBlastTest" name="testOnUpdate"/><testcase classname="com.halemaster.enchanting.testing.tests.basic.spell.SpellNecroBlastTest" name="testGetColor"/><testcase classname="com.halemaster.enchanting.testing.tests.basic.spell.SpellNecroBlastTest" name="testFire"/><testcase classname="com.halemaster.enchanting.testing.tests.basic.spell.SpellNecroBlastTest" name="testGetMaxEnchantability"/><testcase classname="com.halemaster.enchanting.testing.tests.basic.spell.SpellNecroBlastTest" name="testGetRawDescription"/><testcase classname="com.halemaster.enchanting.testing.tests.basic.spell.SpellNecroBlastTest" name="testMaxLevel"/><testcase classname="com.halemaster.enchanting.testing.tests.basic.spell.SpellNecroBlastTest" name="testGetMinEnchantability"/><testcase classname="com.halemaster.enchanting.testing.tests.basic.spell.SpellNecroBlastTest" name="testGetCastTime"/><testcase classname="com.halemaster.enchanting.testing.tests.basic.spell.SpellNecroBlastTest" name="testOnImpact"/><testcase classname="com.halemaster.enchanting.testing.tests.basic.spell.SpellPoisonBoltTest" name="testOnUpdate"/><testcase classname="com.halemaster.enchanting.testing.tests.basic.spell.SpellPoisonBoltTest" name="testGetColor"/><testcase classname="com.halemaster.enchanting.testing.tests.basic.spell.SpellPoisonBoltTest" name="testFire"/><testcase classname="com.halemaster.enchanting.testing.tests.basic.spell.SpellPoisonBoltTest" name="testGetMaxEnchantability"/><testcase classname="com.halemaster.enchanting.testing.tests.basic.spell.SpellPoisonBoltTest" name="testGetRawDescription"/><testcase classname="com.halemaster.enchanting.testing.tests.basic.spell.SpellPoisonBoltTest" name="testMaxLevel"/><testcase classname="com.halemaster.enchanting.testing.tests.basic.spell.SpellPoisonBoltTest" name="testGetMinEnchantability"/><testcase classname="com.halemaster.enchanting.testing.tests.basic.spell.SpellPoisonBoltTest" name="testGetCastTime"/><testcase classname="com.halemaster.enchanting.testing.tests.basic.spell.SpellPoisonBoltTest" name="testOnImpact"/><testcase classname="com.halemaster.enchanting.testing.tests.basic.spell.SpellSapStrengthTest" name="testOnUpdate"/><testcase classname="com.halemaster.enchanting.testing.tests.basic.spell.SpellSapStrengthTest" name="testGetColor"/><testcase classname="com.halemaster.enchanting.testing.tests.basic.spell.SpellSapStrengthTest" name="testFire"/><testcase classname="com.halemaster.enchanting.testing.tests.basic.spell.SpellSapStrengthTest" name="testGetMaxEnchantability"/><testcase classname="com.halemaster.enchanting.testing.tests.basic.spell.SpellSapStrengthTest" name="testGetRawDescription"/><testcase classname="com.halemaster.enchanting.testing.tests.basic.spell.SpellSapStrengthTest" name="testMaxLevel"/><testcase classname="com.halemaster.enchanting.testing.tests.basic.spell.SpellSapStrengthTest" name="testGetMinEnchantability"/><testcase classname="com.halemaster.enchanting.testing.tests.basic.spell.SpellSapStrengthTest" name="testGetCastTime"/><testcase classname="com.halemaster.enchanting.testing.tests.basic.spell.SpellSapStrengthTest" name="testOnImpact"/></testsuite>